-------------------------------------------------------------------------------
Test set: runner.TestRunner
-------------------------------------------------------------------------------
Tests run: 2, Failures: 1, Errors: 0, Skipped: 0, Time elapsed: 14.984 sec <<< FAILURE! - in runner.TestRunner
Rate a movie(Rate TV Shows)  Time elapsed: 6.378 sec  <<< FAILURE!
java.lang.AssertionError: 
Error: The request could not be completed
Expected: "Success."
     but: was "The item/record was updated successfully."

