<?xml version="1.0" encoding="UTF-8"?>
<testsuite xmlns:xsi="http://www.w3.org/2001/XMLSchema-instance" xsi:schemaLocation="https://maven.apache.org/surefire/maven-surefire-plugin/xsd/surefire-test-report.xsd" name="runner.TestRunner" time="76.209" tests="18" errors="0" skipped="0" failures="5">
  <properties>
    <property name="java.runtime.name" value="Java(TM) SE Runtime Environment"/>
    <property name="sun.boot.library.path" value="C:\Program Files\Java\jdk1.8.0_241\jre\bin"/>
    <property name="java.vm.version" value="25.241-b07"/>
    <property name="java.vm.vendor" value="Oracle Corporation"/>
    <property name="maven.multiModuleProjectDirectory" value="C:\Users\jorozco\IdeaProjects\Movie-API"/>
    <property name="java.vendor.url" value="http://java.oracle.com/"/>
    <property name="path.separator" value=";"/>
    <property name="guice.disable.misplaced.annotation.check" value="true"/>
    <property name="java.vm.name" value="Java HotSpot(TM) 64-Bit Server VM"/>
    <property name="file.encoding.pkg" value="sun.io"/>
    <property name="user.script" value=""/>
    <property name="user.country" value="US"/>
    <property name="sun.java.launcher" value="SUN_STANDARD"/>
    <property name="sun.os.patch.level" value=""/>
    <property name="java.vm.specification.name" value="Java Virtual Machine Specification"/>
    <property name="user.dir" value="C:\Users\jorozco\IdeaProjects\Movie-API"/>
    <property name="java.runtime.version" value="1.8.0_241-b07"/>
    <property name="java.awt.graphicsenv" value="sun.awt.Win32GraphicsEnvironment"/>
    <property name="java.endorsed.dirs" value="C:\Program Files\Java\jdk1.8.0_241\jre\lib\endorsed"/>
    <property name="os.arch" value="amd64"/>
    <property name="java.io.tmpdir" value="C:\Users\jorozco\AppData\Local\Temp\"/>
    <property name="line.separator" value="&#10;"/>
    <property name="java.vm.specification.vendor" value="Oracle Corporation"/>
    <property name="user.variant" value=""/>
    <property name="os.name" value="Windows 10"/>
    <property name="classworlds.conf" value="C:\Users\jorozco\apache-maven-3.6.3\bin\..\bin\m2.conf"/>
    <property name="sun.jnu.encoding" value="Cp1252"/>
    <property name="java.library.path" value="C:\Program Files\Java\jdk1.8.0_241\bin;C:\WINDOWS\Sun\Java\bin;C:\WINDOWS\system32;C:\WINDOWS;C:\Program Files (x86)\Common Files\Oracle\Java\javapath;C:\ProgramData\Oracle\Java\javapath;C:\WINDOWS\system32;C:\WINDOWS;C:\WINDOWS\System32\Wbem;C:\WINDOWS\System32\WindowsPowerShell\v1.0\;C:\WINDOWS\System32\OpenSSH\;C:\Program Files\Intel\WiFi\bin\;C:\Program Files\Common Files\Intel\WirelessCommon\;C:\Program Files\Git\cmd;C:\Program Files\dotnet\;C:\Program Files\Microsoft SQL Server\130\Tools\Binn\;C:\Program Files\Microsoft SQL Server\Client SDK\ODBC\170\Tools\Binn\;C:\Program Files\nodejs\;C:\Users\jorozco\apache-maven-3.6.3\bin;;C:\Program Files\Docker\Docker\resources\bin;C:\ProgramData\DockerDesktop\version-bin;C:\Users\jorozco\AppData\Local\Microsoft\WindowsApps;;C:\Users\jorozco\AppData\Local\Programs\Microsoft VS Code\bin;C:\Program Files\JetBrains\IntelliJ IDEA Community Edition 2019.3.3\bin;;C:\Users\jorozco\AppData\Roaming\npm;."/>
    <property name="maven.conf" value="C:\Users\jorozco\apache-maven-3.6.3\bin\../conf"/>
    <property name="java.specification.name" value="Java Platform API Specification"/>
    <property name="java.class.version" value="52.0"/>
    <property name="sun.management.compiler" value="HotSpot 64-Bit Tiered Compilers"/>
    <property name="os.version" value="10.0"/>
    <property name="library.jansi.path" value="C:\Users\jorozco\apache-maven-3.6.3\bin\..\lib\jansi-native"/>
    <property name="user.home" value="C:\Users\jorozco"/>
    <property name="user.timezone" value="America/Bogota"/>
    <property name="java.awt.printerjob" value="sun.awt.windows.WPrinterJob"/>
    <property name="java.specification.version" value="1.8"/>
    <property name="file.encoding" value="Cp1252"/>
    <property name="user.name" value="jorozco"/>
    <property name="java.class.path" value="C:\Users\jorozco\apache-maven-3.6.3\bin\..\boot\plexus-classworlds-2.6.0.jar"/>
    <property name="java.vm.specification.version" value="1.8"/>
    <property name="sun.arch.data.model" value="64"/>
    <property name="java.home" value="C:\Program Files\Java\jdk1.8.0_241\jre"/>
    <property name="sun.java.command" value="org.codehaus.plexus.classworlds.launcher.Launcher clean verify"/>
    <property name="java.specification.vendor" value="Oracle Corporation"/>
    <property name="user.language" value="en"/>
    <property name="awt.toolkit" value="sun.awt.windows.WToolkit"/>
    <property name="java.vm.info" value="mixed mode"/>
    <property name="java.version" value="1.8.0_241"/>
    <property name="java.ext.dirs" value="C:\Program Files\Java\jdk1.8.0_241\jre\lib\ext;C:\WINDOWS\Sun\Java\lib\ext"/>
    <property name="sun.boot.class.path" value="C:\Program Files\Java\jdk1.8.0_241\jre\lib\resources.jar;C:\Program Files\Java\jdk1.8.0_241\jre\lib\rt.jar;C:\Program Files\Java\jdk1.8.0_241\jre\lib\sunrsasign.jar;C:\Program Files\Java\jdk1.8.0_241\jre\lib\jsse.jar;C:\Program Files\Java\jdk1.8.0_241\jre\lib\jce.jar;C:\Program Files\Java\jdk1.8.0_241\jre\lib\charsets.jar;C:\Program Files\Java\jdk1.8.0_241\jre\lib\jfr.jar;C:\Program Files\Java\jdk1.8.0_241\jre\classes"/>
    <property name="sun.stderr.encoding" value="cp437"/>
    <property name="java.vendor" value="Oracle Corporation"/>
    <property name="maven.home" value="C:\Users\jorozco\apache-maven-3.6.3\bin\.."/>
    <property name="file.separator" value="\"/>
    <property name="java.vendor.url.bug" value="http://bugreport.sun.com/bugreport/"/>
    <property name="sun.cpu.endian" value="little"/>
    <property name="sun.io.unicode.encoding" value="UnicodeLittle"/>
    <property name="sun.stdout.encoding" value="cp437"/>
    <property name="sun.desktop" value="windows"/>
    <property name="sun.cpu.isalist" value="amd64"/>
  </properties>
  <testcase name="Test Authentication" classname="Authentication" time="7.065"/>
  <testcase name="Test Delete of session" classname="Authentication" time="3.587"/>
  <testcase name="Test Guest Session Authentication" classname="Guest Authentication" time="2.182"/>
  <testcase name="Test get list detail" classname="List" time="0.748"/>
  <testcase name="Test create a list" classname="List" time="4.081">
    <failure message="Error: The status code is not 201&#10;Expected: &lt;201&gt;&#10;     but: was &lt;422&gt;" type="java.lang.AssertionError"><![CDATA[java.lang.AssertionError: 
Error: The status code is not 201
Expected: <201>
     but: was <422>
]]></failure>
    <system-out><![CDATA[{"success":true,"expires_at":"2020-03-06 21:43:08 UTC","request_token":"ca7a0e998313b63d6362c96b2f60dbd12f80d347"}
{"username":"ingjuanorozco","password":"juandaviD1","request_token":"ca7a0e998313b63d6362c96b2f60dbd12f80d347"}
{"success":true,"session_id":"b760e840385a771c3fd65c0ea26f86011aa68df1"}
JAVA_HOME:-7e9defd3784a30d5882e90c6d6e8bc36
{"success":false,"errors":["Invalid description"],"list_id":null}
JAVA_HOME:-7e9defd3784a30d5882e90c6d6e8bc36
]]></system-out>
    <system-err><![CDATA[[main] INFO net.thucydides.core.steps.ConsoleLoggingListener - 
 _____ _____ ____ _____   ____ _____  _    ____ _____ _____ ____  
|_   _| ____/ ___|_   _| / ___|_   _|/ \  |  _ \_   _| ____|  _ \ 
  | | |  _| \___ \ | |   \___ \ | | / _ \ | |_) || | |  _| | | | |
  | | | |___ ___) || |    ___) || |/ ___ \|  _ < | | | |___| |_| |
  |_| |_____|____/ |_|   |____/ |_/_/   \_\_| \_\|_| |_____|____/ 
                                                                  

TEST STARTED: Test create a list
-------------------------------------------------------------------(list;test-create-a-list)
[main] ERROR net.thucydides.core.steps.ConsoleLoggingListener - 
           __  _____ _____ ____ _____   _____ _    ___ _     _____ ____  
  _       / / |_   _| ____/ ___|_   _| |  ___/ \  |_ _| |   | ____|  _ \ 
 (_)_____| |    | | |  _| \___ \ | |   | |_ / _ \  | || |   |  _| | | | |
  _|_____| |    | | | |___ ___) || |   |  _/ ___ \ | || |___| |___| |_| |
 (_)     | |    |_| |_____|____/ |_|   |_|/_/   \_\___|_____|_____|____/ 
          \_\                                                            

TEST FAILED: Test create a list
--------------------------------------------------------------------------
[main] ERROR net.thucydides.core.steps.ConsoleLoggingListener - TEST FAILED AT STEP Then The service responds with a status code "201"
[main] ERROR net.thucydides.core.steps.ConsoleLoggingListener - Error: The status code is not 201Expected: <201> but: was <422>
]]></system-err>
  </testcase>
  <testcase name="Test delete of a list" classname="List" time="3.125">
    <failure message="Error: The request could not be completed&#10;Expected: &quot;The item/record was updated successfully.&quot;&#10;     but: was &quot;Internal error: Something went wrong, contact TMDb.&quot;" type="java.lang.AssertionError">java.lang.AssertionError: 
Error: The request could not be completed
Expected: "The item/record was updated successfully."
     but: was "Internal error: Something went wrong, contact TMDb."
</failure>
    <system-out><![CDATA[{"success":true,"expires_at":"2020-03-06 21:43:12 UTC","request_token":"548eae7bfb9950fa177d12528c28cb2c80a7afb7"}
{"username":"ingjuanorozco","password":"juandaviD1","request_token":"548eae7bfb9950fa177d12528c28cb2c80a7afb7"}
{"success":true,"session_id":"a2538d47623408406fee4f2a20cb7f7be3ab5baa"}
JAVA_HOME:-7e9defd3784a30d5882e90c6d6e8bc36
{"success":false,"errors":["Invalid description"],"list_id":null}
{"status_code":11,"status_message":"Internal error: Something went wrong, contact TMDb."}
]]></system-out>
    <system-err><![CDATA[[main] INFO net.thucydides.core.steps.ConsoleLoggingListener - 
 _____ _____ ____ _____   ____ _____  _    ____ _____ _____ ____  
|_   _| ____/ ___|_   _| / ___|_   _|/ \  |  _ \_   _| ____|  _ \ 
  | | |  _| \___ \ | |   \___ \ | | / _ \ | |_) || | |  _| | | | |
  | | | |___ ___) || |    ___) || |/ ___ \|  _ < | | | |___| |_| |
  |_| |_____|____/ |_|   |____/ |_/_/   \_\_| \_\|_| |_____|____/ 
                                                                  

TEST STARTED: Test delete of a list
-------------------------------------------------------------------(list;test-delete-of-a-list)
[main] ERROR net.thucydides.core.steps.ConsoleLoggingListener - 
           __  _____ _____ ____ _____   _____ _    ___ _     _____ ____  
  _       / / |_   _| ____/ ___|_   _| |  ___/ \  |_ _| |   | ____|  _ \ 
 (_)_____| |    | | |  _| \___ \ | |   | |_ / _ \  | || |   |  _| | | | |
  _|_____| |    | | | |___ ___) || |   |  _/ ___ \ | || |___| |___| |_| |
 (_)     | |    |_| |_____|____/ |_|   |_|/_/   \_\___|_____|_____|____/ 
          \_\                                                            

TEST FAILED: Test delete of a list
--------------------------------------------------------------------------
[main] ERROR net.thucydides.core.steps.ConsoleLoggingListener - TEST FAILED AT STEP Then The response status message is "The item/record was updated successfully."
[main] ERROR net.thucydides.core.steps.ConsoleLoggingListener - Error: The request could not be completedExpected: "The item/record was updated successfully." but: was "Internal error: Something went wrong, contact TMDb."
]]></system-err>
  </testcase>
  <testcase name="Test add a movie to a list" classname="List" time="3.849"/>
  <testcase name="Test delete a movie from a list" classname="List" time="3.662">
    <failure message="Error: The request could not be completed&#10;Expected: &quot;The item/record was deleted successfully.&quot;&#10;     but: was &quot;Entry not found: The item you are trying to edit cannot be found.&quot;" type="java.lang.AssertionError">java.lang.AssertionError: 
Error: The request could not be completed
Expected: "The item/record was deleted successfully."
     but: was "Entry not found: The item you are trying to edit cannot be found."
</failure>
    <system-out><![CDATA[{"success":true,"expires_at":"2020-03-06 21:43:21 UTC","request_token":"f89da59e66a0d18962894dd9a491e517f4a83ccc"}
{"username":"ingjuanorozco","password":"juandaviD1","request_token":"f89da59e66a0d18962894dd9a491e517f4a83ccc"}
{"success":true,"session_id":"2c36b967fe6f94e68c09a73a1b65a8f4c73592d3"}
JAVA_HOME:-7e9defd3784a30d5882e90c6d6e8bc36
{"status_code":21,"status_message":"Entry not found: The item you are trying to edit cannot be found."}
JAVA_HOME:-7e9defd3784a30d5882e90c6d6e8bc36
]]></system-out>
    <system-err><![CDATA[[main] INFO net.thucydides.core.steps.ConsoleLoggingListener - 
 _____ _____ ____ _____   ____ _____  _    ____ _____ _____ ____  
|_   _| ____/ ___|_   _| / ___|_   _|/ \  |  _ \_   _| ____|  _ \ 
  | | |  _| \___ \ | |   \___ \ | | / _ \ | |_) || | |  _| | | | |
  | | | |___ ___) || |    ___) || |/ ___ \|  _ < | | | |___| |_| |
  |_| |_____|____/ |_|   |____/ |_/_/   \_\_| \_\|_| |_____|____/ 
                                                                  

TEST STARTED: Test delete a movie from a list
-------------------------------------------------------------------(list;test-delete-a-movie-from-a-list)
[main] ERROR net.thucydides.core.steps.ConsoleLoggingListener - 
           __  _____ _____ ____ _____   _____ _    ___ _     _____ ____  
  _       / / |_   _| ____/ ___|_   _| |  ___/ \  |_ _| |   | ____|  _ \ 
 (_)_____| |    | | |  _| \___ \ | |   | |_ / _ \  | || |   |  _| | | | |
  _|_____| |    | | | |___ ___) || |   |  _/ ___ \ | || |___| |___| |_| |
 (_)     | |    |_| |_____|____/ |_|   |_|/_/   \_\___|_____|_____|____/ 
          \_\                                                            

TEST FAILED: Test delete a movie from a list
--------------------------------------------------------------------------
[main] ERROR net.thucydides.core.steps.ConsoleLoggingListener - TEST FAILED AT STEP And The response status message is "The item/record was deleted successfully."
[main] ERROR net.thucydides.core.steps.ConsoleLoggingListener - Error: The request could not be completedExpected: "The item/record was deleted successfully." but: was "Entry not found: The item you are trying to edit cannot be found."
]]></system-err>
  </testcase>
  <testcase name="Test to clear a list" classname="List" time="4.015"/>
  <testcase name="Test get check that a movie is in a list" classname="List" time="3.422">
    <failure message="Error: The request token is unsuccessful&#10;Expected: &lt;true&gt;&#10;     but: was &lt;false&gt;" type="java.lang.AssertionError"><![CDATA[java.lang.AssertionError: 
Error: The request token is unsuccessful
Expected: <true>
     but: was <false>
]]></failure>
    <system-out><![CDATA[{"success":true,"expires_at":"2020-03-06 21:43:29 UTC","request_token":"52bbee2a62ba0e14555231d52bf732e19188ea1b"}
{"username":"ingjuanorozco","password":"juandaviD1","request_token":"52bbee2a62ba0e14555231d52bf732e19188ea1b"}
{"success":true,"session_id":"29bff2d3ddd07f2ea1176af06e8503ccfed0caa7"}
JAVA_HOME:-7e9defd3784a30d5882e90c6d6e8bc36
{"id":null,"item_present":false}
JAVA_HOME:-7e9defd3784a30d5882e90c6d6e8bc36
]]></system-out>
    <system-err><![CDATA[[main] INFO net.thucydides.core.steps.ConsoleLoggingListener - 
 _____ _____ ____ _____   ____ _____  _    ____ _____ _____ ____  
|_   _| ____/ ___|_   _| / ___|_   _|/ \  |  _ \_   _| ____|  _ \ 
  | | |  _| \___ \ | |   \___ \ | | / _ \ | |_) || | |  _| | | | |
  | | | |___ ___) || |    ___) || |/ ___ \|  _ < | | | |___| |_| |
  |_| |_____|____/ |_|   |____/ |_/_/   \_\_| \_\|_| |_____|____/ 
                                                                  

TEST STARTED: Test get check that a movie is in a list
-------------------------------------------------------------------(list;test-get-check-that-a-movie-is-in-a-list)
[main] ERROR net.thucydides.core.steps.ConsoleLoggingListener - 
           __  _____ _____ ____ _____   _____ _    ___ _     _____ ____  
  _       / / |_   _| ____/ ___|_   _| |  ___/ \  |_ _| |   | ____|  _ \ 
 (_)_____| |    | | |  _| \___ \ | |   | |_ / _ \  | || |   |  _| | | | |
  _|_____| |    | | | |___ ___) || |   |  _/ ___ \ | || |___| |___| |_| |
 (_)     | |    |_| |_____|____/ |_|   |_|/_/   \_\___|_____|_____|____/ 
          \_\                                                            

TEST FAILED: Test get check that a movie is in a list
--------------------------------------------------------------------------
[main] ERROR net.thucydides.core.steps.ConsoleLoggingListener - TEST FAILED AT STEP And The response contains the field success equals to "true"
[main] ERROR net.thucydides.core.steps.ConsoleLoggingListener - Error: The request token is unsuccessfulExpected: <true> but: was <false>
]]></system-err>
  </testcase>
  <testcase name="Rate a episode" classname="Rate TV Episose" time="3.451">
    <failure message="Error: The request could not be completed&#10;Expected: &quot;Success.&quot;&#10;     but: was &quot;The item/record was updated successfully.&quot;" type="java.lang.AssertionError">java.lang.AssertionError: 
Error: The request could not be completed
Expected: "Success."
     but: was "The item/record was updated successfully."
</failure>
    <system-out><![CDATA[{"success":true,"expires_at":"2020-03-06 21:43:32 UTC","request_token":"6c207ed9cde62c8720eb407774f6a52af9730732"}
{"username":"ingjuanorozco","password":"juandaviD1","request_token":"6c207ed9cde62c8720eb407774f6a52af9730732"}
{"success":true,"session_id":"95f09fdd1d718639ac4c884ab5fef127f9e20a37"}
JAVA_HOME:-7e9defd3784a30d5882e90c6d6e8bc36
{"status_code":12,"status_message":"The item/record was updated successfully."}
JAVA_HOME:-7e9defd3784a30d5882e90c6d6e8bc36
]]></system-out>
    <system-err><![CDATA[[main] INFO net.thucydides.core.steps.ConsoleLoggingListener - 
 _____ _____ ____ _____   ____ _____  _    ____ _____ _____ ____  
|_   _| ____/ ___|_   _| / ___|_   _|/ \  |  _ \_   _| ____|  _ \ 
  | | |  _| \___ \ | |   \___ \ | | / _ \ | |_) || | |  _| | | | |
  | | | |___ ___) || |    ___) || |/ ___ \|  _ < | | | |___| |_| |
  |_| |_____|____/ |_|   |____/ |_/_/   \_\_| \_\|_| |_____|____/ 
                                                                  

TEST STARTED: Rate a episode
-------------------------------------------------------------------(rate-tv-episose;rate-a-episode)
[main] ERROR net.thucydides.core.steps.ConsoleLoggingListener - 
           __  _____ _____ ____ _____   _____ _    ___ _     _____ ____  
  _       / / |_   _| ____/ ___|_   _| |  ___/ \  |_ _| |   | ____|  _ \ 
 (_)_____| |    | | |  _| \___ \ | |   | |_ / _ \  | || |   |  _| | | | |
  _|_____| |    | | | |___ ___) || |   |  _/ ___ \ | || |___| |___| |_| |
 (_)     | |    |_| |_____|____/ |_|   |_|/_/   \_\___|_____|_____|____/ 
          \_\                                                            

TEST FAILED: Rate a episode
--------------------------------------------------------------------------
[main] ERROR net.thucydides.core.steps.ConsoleLoggingListener - TEST FAILED AT STEP And The response status message is "Success."
[main] ERROR net.thucydides.core.steps.ConsoleLoggingListener - Error: The request could not be completedExpected: "Success." but: was "The item/record was updated successfully."
]]></system-err>
  </testcase>
  <testcase name="Delete a rating" classname="Rate TV Episose" time="4.266"/>
  <testcase name="Rate a movie" classname="Rate Movies" time="4.284"/>
  <testcase name="Delete a rating" classname="Rate Movies" time="4.267"/>
  <testcase name="Rate a tv show" classname="Rate TV Shows" time="4.209"/>
  <testcase name="Delete a rating" classname="Rate TV Shows" time="4.564"/>
  <testcase name="Test check review details" classname="Reviews" time="1.009"/>
  <testcase name="Test check review details with invalid review id" classname="Reviews" time="0.72"/>
</testsuite>