<?xml version="1.0" encoding="UTF-8"?><testsuite errors="0" failures="0" name="Rate Movies Guest" skipped="0" tests="12" time="20.76" timestamp="2020-03-09 06:34:49"><testcase name="Test rate a movie as a guest"/><testcase name="Test delete a rating of a movie"/><testcase name="Test to rate a movie with a higher rating than accepted"/><testcase name="Test to rate a movie with a lower rating than accepted"/><testcase name="Test to rate a movie with a rating not multiple of 0.50"/><testcase name="Test to rate a movie with invalid movie id"/><testcase name="Test rate a tv show as a guest"/><testcase name="Test delete a tv show as a guest"/><testcase name="Test to rate a tv show as a guest with a higher rating than accepted"/><testcase name="Test to rate a tv show as a guest with a lower rating than accepted"/><testcase name="Test to rate a tv show as a guest with a rating not multiple of 0.50"/><testcase name="Test to rate a tv show as a guest with invalid tv show id"/></testsuite>