<?xml version="1.0" encoding="UTF-8"?><testsuite errors="0" failures="0" name="Rate Movies" skipped="0" tests="12" time="36.51" timestamp="2020-03-09 05:35:05"><testcase name="Rate a movie"/><testcase name="Delete a rating of a movie"/><testcase name="Rate a movie with a higher rating than accepted"/><testcase name="Rate a movie with a lower rating than accepted"/><testcase name="Rate a movie with a rating not multiple of 0.50"/><testcase name="Rate a movie with invalid movie id"/><testcase name="Rate a movie"/><testcase name="Delete a rating of a movie"/><testcase name="Rate a movie with a higher rating than accepted"/><testcase name="Rate a movie with a lower rating than accepted"/><testcase name="Rate a movie with a rating not multiple of 0.50"/><testcase name="Rate a movie with invalid movie id"/></testsuite>