<?xml version="1.0" encoding="UTF-8"?><testsuite errors="0" failures="4" name="List" skipped="0" tests="7" time="28.45" timestamp="2020-03-06 03:43:07"><testcase name="Test get list detail"/><testcase name="Test create a list"><failure message="Error: The status code is not 201&#10;Expected: &lt;201&gt;&#10;     but: was &lt;422&gt;" type="java.lang.AssertionError">Error: The status code is not 201
Expected: &lt;201&gt;
     but: was &lt;422&gt;</failure><system-err>Error: The status code is not 201
Expected: &lt;201&gt;
     but: was &lt;422&gt;&#13;
steps.GeneralSteps.theServiceRespondsWithAStatusCode(GeneralSteps.java:26)&#13;
✽.The service responds with a status code "201"(src/test/resources/features/lists.feature:31)&#13;
</system-err></testcase><testcase name="Test delete of a list"><failure message="Error: The request could not be completed&#10;Expected: &quot;The item/record was updated successfully.&quot;&#10;     but: was &quot;Internal error: Something went wrong, contact TMDb.&quot;" type="java.lang.AssertionError">Error: The request could not be completed
Expected: "The item/record was updated successfully."
     but: was "Internal error: Something went wrong, contact TMDb."</failure><system-err>Error: The request could not be completed
Expected: "The item/record was updated successfully."
     but: was "Internal error: Something went wrong, contact TMDb."&#13;
steps.ListSteps.theResponseStatusMessageIs(ListSteps.java:86)&#13;
✽.The response status message is "The item/record was updated successfully."(src/test/resources/features/lists.feature:42)&#13;
</system-err></testcase><testcase name="Test add a movie to a list"/><testcase name="Test delete a movie from a list"><failure message="Error: The request could not be completed&#10;Expected: &quot;The item/record was deleted successfully.&quot;&#10;     but: was &quot;Entry not found: The item you are trying to edit cannot be found.&quot;" type="java.lang.AssertionError">Error: The request could not be completed
Expected: "The item/record was deleted successfully."
     but: was "Entry not found: The item you are trying to edit cannot be found."</failure><system-err>Error: The request could not be completed
Expected: "The item/record was deleted successfully."
     but: was "Entry not found: The item you are trying to edit cannot be found."&#13;
steps.ListSteps.theResponseStatusMessageIs(ListSteps.java:86)&#13;
✽.The response status message is "The item/record was deleted successfully."(src/test/resources/features/lists.feature:67)&#13;
</system-err></testcase><testcase name="Test to clear a list"/><testcase name="Test get check that a movie is in a list"><failure message="Error: The request token is unsuccessful&#10;Expected: &lt;true&gt;&#10;     but: was &lt;false&gt;" type="java.lang.AssertionError">Error: The request token is unsuccessful
Expected: &lt;true&gt;
     but: was &lt;false&gt;</failure><system-err>Error: The request token is unsuccessful
Expected: &lt;true&gt;
     but: was &lt;false&gt;&#13;
steps.AuthenticationSteps.theResponseContainsTheFieldSuccessEqualsTo(AuthenticationSteps.java:89)&#13;
✽.The response contains the field success equals to "true"(src/test/resources/features/lists.feature:91)&#13;
</system-err></testcase></testsuite>