<?xml version="1.0" encoding="UTF-8"?><testsuite errors="0" failures="0" name="Rate Tv Shows Guest" skipped="0" tests="6" time="10.21" timestamp="2020-03-10 09:59:08"><testcase name="Test rate a tv show as a guest"/><testcase name="Test delete a tv show as a guest"/><testcase name="Test to rate a tv show as a guest with a higher rating than accepted"/><testcase name="Test to rate a tv show as a guest with a lower rating than accepted"/><testcase name="Test to rate a tv show as a guest with a rating not multiple of 0.50"/><testcase name="Test to rate a tv show as a guest with invalid tv show id"/></testsuite>