<?xml version="1.0" encoding="UTF-8"?><testsuite errors="0" failures="0" name="Rate tv episodes guest" skipped="0" tests="6" time="10.74" timestamp="2020-03-10 10:19:20"><testcase name="Test Rate a tv show episode as a guest"/><testcase name="Test Delete a tv show episode rating as a guest"/><testcase name="Test to rate a tv show episode as a guest with a rating not multiple of 0.50"/><testcase name="Test to rate a tv show episode as a guest with a greater rating than accepted"/><testcase name="Test to rate a tv show episode as a guest with a lower rating than accepted"/><testcase name="Test Guest rate a tv show  with invalid episode"/></testsuite>