<?xml version="1.0" encoding="UTF-8"?><testsuite errors="0" failures="0" name="Rate TV Episose" skipped="0" tests="7" time="30.12" timestamp="2020-03-10 09:57:25"><testcase name="Test Rate a tv show episode"/><testcase name="Test Delete a tv show episode rating"/><testcase name="Test to rate a tv show episode with a rating not multiple of 0.50"/><testcase name="Test to rate a tv show episode with a greater rating than accepted"/><testcase name="Test to rate a tv show episode with a lower rating than accepted"/><testcase name="Test Rate a tv show with invalid episode"/><testcase name="Test Rate a tv show with invalid API KEY"/></testsuite>