<?xml version="1.0" encoding="UTF-8"?><testsuite errors="0" failures="0" name="Authentication" skipped="0" tests="7" time="19.93" timestamp="2020-03-10 10:17:35"><testcase name="Test Authentication"/><testcase name="Test Delete of session"/><testcase name="Test Token Creation with invalid API KEY"/><testcase name="Test Validate Token Creation with invalid username"/><testcase name="Test Validate Token Creation with invalid password"/><testcase name="Test Validate Token Creation with empty username"/><testcase name="Test Validate Token Creation with empty password"/></testsuite>