<?xml version="1.0" encoding="UTF-8"?><testsuite errors="0" failures="0" name="Rate Movies Guest" skipped="0" tests="6" time="10.83" timestamp="2020-03-10 10:19:31"><testcase name="Test rate a movie as a guest"/><testcase name="Test delete a rating of a movie"/><testcase name="Test to rate a movie with a higher rating than accepted"/><testcase name="Test to rate a movie with a lower rating than accepted"/><testcase name="Test to rate a movie with a rating not multiple of 0.50"/><testcase name="Test to rate a movie with invalid movie id"/></testsuite>