<?xml version="1.0" encoding="UTF-8"?><testsuite errors="0" failures="1" name="Rate TV Episose" skipped="0" tests="2" time="7.79" timestamp="2020-03-06 03:43:36"><testcase name="Rate a episode"><failure message="Error: The request could not be completed&#10;Expected: &quot;Success.&quot;&#10;     but: was &quot;The item/record was updated successfully.&quot;" type="java.lang.AssertionError">Error: The request could not be completed
Expected: "Success."
     but: was "The item/record was updated successfully."</failure><system-err>Error: The request could not be completed
Expected: "Success."
     but: was "The item/record was updated successfully."&#13;
steps.ListSteps.theResponseStatusMessageIs(ListSteps.java:86)&#13;
✽.The response status message is "Success."(src/test/resources/features/rateEpisode.feature:28)&#13;
</system-err></testcase><testcase name="Delete a rating"/></testsuite>