<?xml version="1.0" encoding="UTF-8"?><testsuite errors="1" failures="1" name="Authentication" skipped="0" tests="4" time="4.23" timestamp="2020-02-25 04:16:38"><testcase name="Test request token creation"/><testcase name="Create a session with login"/><testcase name="Create a new session"><error message="Expected BEGIN_OBJECT but was STRING at line 1 column 1 path $" type="java.lang.IllegalStateException">Expected BEGIN_OBJECT but was STRING at line 1 column 1 path $</error><system-err>Expected BEGIN_OBJECT but was STRING at line 1 column 1 path $&#13;
com.google.gson.stream.JsonReader.beginObject(JsonReader.java:385)&#13;
com.google.gson.Gson.fromJson(Gson.java:922)&#13;
com.google.gson.Gson.fromJson(Gson.java:887)&#13;
com.google.gson.Gson.fromJson(Gson.java:836)&#13;
com.google.gson.Gson.fromJson(Gson.java:808)&#13;
helpers.JsonHelper.responseRequestTokenToJson(JsonHelper.java:39)&#13;
steps.AuthenticationSteps.theTokenIsGenerated(AuthenticationSteps.java:84)&#13;
cucumber.runner.Runner.runPickle(Runner.java:80)&#13;
</system-err></testcase><testcase name="Test session delete"><failure message="Error: The status code is not 200&#10;Expected: &lt;200&gt;&#10;     but: was &lt;403&gt;" type="java.lang.AssertionError">Error: The status code is not 200
Expected: &lt;200&gt;
     but: was &lt;403&gt;</failure><system-err>Error: The status code is not 200
Expected: &lt;200&gt;
     but: was &lt;403&gt;&#13;
steps.GeneralSteps.theServiceRespondsWithAStatusCode(GeneralSteps.java:23)&#13;
✽.The service responds with a status code "200"(src/test/resources/features/authentication.feature:37)&#13;
</system-err></testcase></testsuite>